2023-02-02T13:26:11.733892617 Login By :  User : [35mArash[0m Access Level : [35mAdmin[0m Level : [34mInfo[0m
2023-02-02T13:26:31.951815001  User Arash Inported From File Access Level : [35mAdmin[0m Level : [34mInfo[0m
2023-02-02T13:27:14.071653607 Login By :  User : [35mArash[0m Access Level : [35mAdmin[0m Level : [34mInfo[0m
2023-02-02T13:27:51.711344887 Logout By :  User : [35mArash[0m Access Level : [35mAdmin[0m Level : [34mInfo[0m
2023-02-02T13:28:04.634527472 A New Account Has Been Created With Username [36mSaeed[0m Level : [34mInfo[0m
2023-02-02T13:35:13.380535  User Arash Inported From File Access Level : [35mAdmin[0m Level : [34mInfo[0m
2023-02-02T13:37:01.864108  User Arash Inported From File Access Level : [35mAdmin[0m Level : [34mInfo[0m
2023-02-02T13:37:47.485622  User Arash Inported From File Access Level : [35mAdmin[0m Level : [34mInfo[0m
2023-02-02T13:39:38.971017  User Arash Inported From File Access Level : [35mAdmin[0m Level : [34mInfo[0m
2023-02-02T13:40:47.065382  User Arash Inported From File Access Level : [35mAdmin[0m Level : [34mInfo[0m
2023-02-02T13:43:01.364147  User Arash Inported From File Access Level : [35mAdmin[0m Level : [34mInfo[0m
2023-02-02T13:44:37.591831  User Arash Inported From File Access Level : [35mAdmin[0m Level : [34mInfo[0m
2023-02-02T13:47:29.206044  User Arash Inported From File Access Level : [35mAdmin[0m Level : [34mInfo[0m
2023-02-02T13:48:36.620699  User Arash Inported From File Access Level : [35mAdmin[0m Level : [34mInfo[0m
2023-02-02T15:02:28.181306  User Arash Inported From File Access Level : [35mAdmin[0m Level : [34mInfo[0m
2023-02-02T15:03:48.841558  User Arash Inported From File Access Level : [35mAdmin[0m Level : [34mInfo[0m
2023-02-02T15:06:15.023471  User Arash Inported From File Access Level : [35mAdmin[0m Level : [34mInfo[0m
2023-02-02T15:06:54.497080  User Arash Inported From File Access Level : [35mAdmin[0m Level : [34mInfo[0m
2023-02-02T15:07:21.938612  User Arash Inported From File Access Level : [35mAdmin[0m Level : [34mInfo[0m
2023-02-02T15:08:27.889997  User Arash Inported From File Access Level : [35mAdmin[0m Level : [34mInfo[0m
2023-02-02T15:09:30.407939  User Arash Inported From File Access Level : [35mAdmin[0m Level : [34mInfo[0m
2023-02-02T15:10:14.416693  User Arash Inported From File Access Level : [35mAdmin[0m Level : [34mInfo[0m
2023-02-02T15:12:38.504797  User Arash Inported From File Access Level : [35mAdmin[0m Level : [34mInfo[0m
2023-02-02T15:14:05.086521  User Arash Inported From File Access Level : [35mAdmin[0m Level : [34mInfo[0m
2023-02-02T15:15:31.323935  User Arash Inported From File Access Level : [35mAdmin[0m Level : [34mInfo[0m
2023-02-02T15:17:40.630723  User Arash Inported From File Access Level : [35mAdmin[0m Level : [34mInfo[0m
2023-02-02T15:18:09.246973  User Arash Inported From File Access Level : [35mAdmin[0m Level : [34mInfo[0m
2023-02-02T15:18:38.333745 Login By :  User : [35mArash[0m Access Level : [35mAdmin[0m Level : [34mInfo[0m
2023-02-02T15:18:47.558665 Logout By :  User : [35mArash[0m Access Level : [35mAdmin[0m Level : [34mInfo[0m
2023-02-02T15:19:33.270131 A New Account Has Been Created With Username [36mSaeed[0m Level : [34mInfo[0m
2023-02-02T15:20:17.874852 Login By :  User : [35mArash[0m Access Level : [35mAdmin[0m Level : [34mInfo[0m
2023-02-02T15:21:06.394743  User Arash Inported From File Access Level : [35mAdmin[0m Level : [34mInfo[0m
2023-02-02T15:21:14.621505 Login By :  User : [35mArash[0m Access Level : [35mAdmin[0m Level : [34mInfo[0m
2023-02-02T15:21:28.216564  User Arash Inported From File Access Level : [35mAdmin[0m Level : [34mInfo[0m
2023-02-02T15:21:38.132703 Login By :  User : [35mArash[0m Access Level : [35mAdmin[0m Level : [34mInfo[0m
2023-02-02T15:21:44.819286 Logout By :  User : [35mArash[0m Access Level : [35mAdmin[0m Level : [34mInfo[0m
2023-02-02T15:21:53.993910 A New Account Has Been Created With Username [36mSaeed[0m Level : [34mInfo[0m
2023-02-02T15:22:34.980116 A New Account Has Been Created With Username [36mElahe[0m Level : [34mInfo[0m
2023-02-02T15:22:41.874486 Login By :  User : [35mElahe[0m Access Level : [32mClient[0m Level : [34mInfo[0m
2023-02-02T15:22:55.498169  User Arash Inported From File Access Level : [35mAdmin[0m Level : [34mInfo[0m
2023-02-02T15:23:04.420352 Login By :  User : [35mArash[0m Access Level : [35mAdmin[0m Level : [34mInfo[0m
2023-02-02T15:24:41.785060  User Arash Inported From File Access Level : [35mAdmin[0m Level : [34mInfo[0m
2023-02-02T15:24:47.914477 Login By :  User : [35mArash[0m Access Level : [35mAdmin[0m Level : [34mInfo[0m
2023-02-02T15:25:03.083617 User [36mArash[0m Has Been Escalated To [35mAdmin[0m User : [35mArash[0m Access Level : [35mAdmin[0m Level : [34mInfo[0m
2023-02-02T15:25:48.368166 A New Order [ [32mSteak[0m, [32mPizza[0m, [32mSalad[0m, [32mFrench-Fries[0m,] Has Been Created By:  User : [35mArash[0m Access Level : [35mAdmin[0m Level : [34mInfo[0m
2023-02-02T15:26:07.398918 Purchase Hisotry Generated For :  User : [35mArash[0m Access Level : [35mAdmin[0m Level : [34mInfo[0m
2023-02-02T15:26:55.527045 A New Order [ [32mSoda[0m, [32mSoda[0m, [32mSoda[0m, [32mWater[0m,] Has Been Created By:  User : [35mArash[0m Access Level : [35mAdmin[0m Level : [34mInfo[0m
2023-02-02T15:30:01.755826  User Arash Inported From File Access Level : [35mAdmin[0m Level : [34mInfo[0m
2023-02-02T15:30:11.651597 Login By :  User : [35mArash[0m Access Level : [35mAdmin[0m Level : [34mInfo[0m
2023-02-02T15:31:27.398677  User Arash Inported From File Access Level : [35mAdmin[0m Level : [34mInfo[0m
2023-02-02T15:31:40.950278 Login By :  User : [35mArash[0m Access Level : [35mAdmin[0m Level : [34mInfo[0m
2023-02-02T15:32:00.688530 User [36mArash[0m Has Been Escalated To [33mEmployee[0m User : [35mArash[0m Access Level : [33mEmployee[0m Level : [34mInfo[0m
2023-02-02T15:33:47.836481 Resource List Generated By :  User : [35mArash[0m Access Level : [33mEmployee[0m Level : [34mInfo[0m
2023-02-02T15:33:57.491550 Inventory Update : All Were Updated [31m-2[0m By :  User : [35mArash[0m Access Level : [33mEmployee[0m Level : [34mInfo[0m
2023-02-02T15:34:03.544688 Resource List Generated By :  User : [35mArash[0m Access Level : [33mEmployee[0m Level : [34mInfo[0m
